This file contains any messages produced by compilers while
running configure, to aid debugging if configure makes a mistake.

It was created by libfprint configure 0.7.0, which was
generated by GNU Autoconf 2.69.  Invocation command line was

  $ ./configure 

## --------- ##
## Platform. ##
## --------- ##

hostname = leticia-LOG-H81H3-M4
uname -m = x86_64
uname -r = 4.15.0-43-generic
uname -s = Linux
uname -v = #46~16.04.1-Ubuntu SMP Fri Dec 7 13:31:08 UTC 2018

/usr/bin/uname -p = unknown
/bin/uname -X     = unknown

/bin/arch              = unknown
/usr/bin/arch -k       = unknown
/usr/convex/getsysinfo = unknown
/usr/bin/hostinfo      = unknown
/bin/machine           = unknown
/usr/bin/oslevel       = unknown
/bin/universe          = unknown

PATH: /usr/local/sbin
PATH: /usr/local/bin
PATH: /usr/sbin
PATH: /usr/bin
PATH: /sbin
PATH: /bin
PATH: /snap/bin


## ----------- ##
## Core tests. ##
## ----------- ##

configure:2427: checking for a BSD-compatible install
configure:2495: result: /usr/bin/install -c
configure:2506: checking whether build environment is sane
configure:2561: result: yes
configure:2712: checking for a thread-safe mkdir -p
configure:2751: result: /bin/mkdir -p
configure:2758: checking for gawk
configure:2774: found /usr/bin/gawk
configure:2785: result: gawk
configure:2796: checking whether make sets $(MAKE)
configure:2818: result: yes
configure:2847: checking whether make supports nested variables
configure:2864: result: yes
configure:3007: checking whether make supports nested variables
configure:3024: result: yes
configure:3085: checking for gcc
configure:3101: found /usr/bin/gcc
configure:3112: result: gcc
configure:3341: checking for C compiler version
configure:3350: gcc --version >&5
gcc (Ubuntu 5.4.0-6ubuntu1~16.04.10) 5.4.0 20160609
Copyright (C) 2015 Free Software Foundation, Inc.
This is free software; see the source for copying conditions.  There is NO
warranty; not even for MERCHANTABILITY or FITNESS FOR A PARTICULAR PURPOSE.

configure:3361: $? = 0
configure:3350: gcc -v >&5
Using built-in specs.
COLLECT_GCC=gcc
COLLECT_LTO_WRAPPER=/usr/lib/gcc/x86_64-linux-gnu/5/lto-wrapper
Target: x86_64-linux-gnu
Configured with: ../src/configure -v --with-pkgversion='Ubuntu 5.4.0-6ubuntu1~16.04.10' --with-bugurl=file:///usr/share/doc/gcc-5/README.Bugs --enable-languages=c,ada,c++,java,go,d,fortran,objc,obj-c++ --prefix=/usr --program-suffix=-5 --enable-shared --enable-linker-build-id --libexecdir=/usr/lib --without-included-gettext --enable-threads=posix --libdir=/usr/lib --enable-nls --with-sysroot=/ --enable-clocale=gnu --enable-libstdcxx-debug --enable-libstdcxx-time=yes --with-default-libstdcxx-abi=new --enable-gnu-unique-object --disable-vtable-verify --enable-libmpx --enable-plugin --with-system-zlib --disable-browser-plugin --enable-java-awt=gtk --enable-gtk-cairo --with-java-home=/usr/lib/jvm/java-1.5.0-gcj-5-amd64/jre --enable-java-home --with-jvm-root-dir=/usr/lib/jvm/java-1.5.0-gcj-5-amd64 --with-jvm-jar-dir=/usr/lib/jvm-exports/java-1.5.0-gcj-5-amd64 --with-arch-directory=amd64 --with-ecj-jar=/usr/share/java/eclipse-ecj.jar --enable-objc-gc --enable-multiarch --disable-werror --with-arch-32=i686 --with-abi=m64 --with-multilib-list=m32,m64,mx32 --enable-multilib --with-tune=generic --enable-checking=release --build=x86_64-linux-gnu --host=x86_64-linux-gnu --target=x86_64-linux-gnu
Thread model: posix
gcc version 5.4.0 20160609 (Ubuntu 5.4.0-6ubuntu1~16.04.10) 
configure:3361: $? = 0
configure:3350: gcc -V >&5
gcc: error: unrecognized command line option '-V'
gcc: fatal error: no input files
compilation terminated.
configure:3361: $? = 1
configure:3350: gcc -qversion >&5
gcc: error: unrecognized command line option '-qversion'
gcc: fatal error: no input files
compilation terminated.
configure:3361: $? = 1
configure:3381: checking whether the C compiler works
configure:3403: gcc    conftest.c  >&5
configure:3407: $? = 0
configure:3455: result: yes
configure:3458: checking for C compiler default output file name
configure:3460: result: a.out
configure:3466: checking for suffix of executables
configure:3473: gcc -o conftest    conftest.c  >&5
configure:3477: $? = 0
configure:3499: result: 
configure:3521: checking whether we are cross compiling
configure:3529: gcc -o conftest    conftest.c  >&5
configure:3533: $? = 0
configure:3540: ./conftest
configure:3544: $? = 0
configure:3559: result: no
configure:3564: checking for suffix of object files
configure:3586: gcc -c   conftest.c >&5
configure:3590: $? = 0
configure:3611: result: o
configure:3615: checking whether we are using the GNU C compiler
configure:3634: gcc -c   conftest.c >&5
configure:3634: $? = 0
configure:3643: result: yes
configure:3652: checking whether gcc accepts -g
configure:3672: gcc -c -g  conftest.c >&5
configure:3672: $? = 0
configure:3713: result: yes
configure:3730: checking for gcc option to accept ISO C89
configure:3793: gcc  -c -g -O2  conftest.c >&5
configure:3793: $? = 0
configure:3806: result: none needed
configure:3831: checking whether gcc understands -c and -o together
configure:3853: gcc -c conftest.c -o conftest2.o
configure:3856: $? = 0
configure:3853: gcc -c conftest.c -o conftest2.o
configure:3856: $? = 0
configure:3868: result: yes
configure:3896: checking for style of include used by make
configure:3924: result: GNU
configure:3950: checking dependency style of gcc
configure:4061: result: gcc3
configure:4105: checking build system type
configure:4119: result: x86_64-unknown-linux-gnu
configure:4139: checking host system type
configure:4152: result: x86_64-unknown-linux-gnu
configure:4193: checking how to print strings
configure:4220: result: printf
configure:4241: checking for a sed that does not truncate output
configure:4305: result: /bin/sed
configure:4323: checking for grep that handles long lines and -e
configure:4381: result: /bin/grep
configure:4386: checking for egrep
configure:4448: result: /bin/grep -E
configure:4453: checking for fgrep
configure:4515: result: /bin/grep -F
configure:4550: checking for ld used by gcc
configure:4617: result: /usr/bin/ld
configure:4624: checking if the linker (/usr/bin/ld) is GNU ld
configure:4639: result: yes
configure:4651: checking for BSD- or MS-compatible name lister (nm)
configure:4705: result: /usr/bin/nm -B
configure:4835: checking the name lister (/usr/bin/nm -B) interface
configure:4842: gcc -c -g -O2  conftest.c >&5
configure:4845: /usr/bin/nm -B "conftest.o"
configure:4848: output
0000000000000000 B some_variable
configure:4855: result: BSD nm
configure:4858: checking whether ln -s works
configure:4862: result: yes
configure:4870: checking the maximum length of command line arguments
configure:5001: result: 1572864
configure:5049: checking how to convert x86_64-unknown-linux-gnu file names to x86_64-unknown-linux-gnu format
configure:5089: result: func_convert_file_noop
configure:5096: checking how to convert x86_64-unknown-linux-gnu file names to toolchain format
configure:5116: result: func_convert_file_noop
configure:5123: checking for /usr/bin/ld option to reload object files
configure:5130: result: -r
configure:5204: checking for objdump
configure:5220: found /usr/bin/objdump
configure:5231: result: objdump
configure:5263: checking how to recognize dependent libraries
configure:5463: result: pass_all
configure:5548: checking for dlltool
configure:5578: result: no
configure:5608: checking how to associate runtime and link libraries
configure:5635: result: printf %s\n
configure:5696: checking for ar
configure:5712: found /usr/bin/ar
configure:5723: result: ar
configure:5760: checking for archiver @FILE support
configure:5777: gcc -c -g -O2  conftest.c >&5
configure:5777: $? = 0
configure:5780: ar cru libconftest.a @conftest.lst >&5
ar: `u' modifier ignored since `D' is the default (see `U')
configure:5783: $? = 0
configure:5788: ar cru libconftest.a @conftest.lst >&5
ar: `u' modifier ignored since `D' is the default (see `U')
ar: conftest.o: No such file or directory
configure:5791: $? = 1
configure:5803: result: @
configure:5861: checking for strip
configure:5877: found /usr/bin/strip
configure:5888: result: strip
configure:5960: checking for ranlib
configure:5976: found /usr/bin/ranlib
configure:5987: result: ranlib
configure:6089: checking command to parse /usr/bin/nm -B output from gcc object
configure:6242: gcc -c -g -O2  conftest.c >&5
configure:6245: $? = 0
configure:6249: /usr/bin/nm -B conftest.o \| sed -n -e 's/^.*[ ]\([ABCDGIRSTW][ABCDGIRSTW]*\)[ ][ ]*\([_A-Za-z][_A-Za-z0-9]*\)$/\1 \2 \2/p' | sed '/ __gnu_lto/d' \> conftest.nm
configure:6252: $? = 0
configure:6318: gcc -o conftest -g -O2   conftest.c conftstm.o >&5
configure:6321: $? = 0
configure:6359: result: ok
configure:6406: checking for sysroot
configure:6436: result: no
configure:6443: checking for a working dd
configure:6481: result: /bin/dd
configure:6485: checking how to truncate binary pipes
configure:6500: result: /bin/dd bs=4096 count=1
configure:6636: gcc -c -g -O2  conftest.c >&5
configure:6639: $? = 0
configure:6829: checking for mt
configure:6845: found /bin/mt
configure:6856: result: mt
configure:6879: checking if mt is a manifest tool
configure:6885: mt '-?'
configure:6893: result: no
configure:7570: checking how to run the C preprocessor
configure:7601: gcc -E  conftest.c
configure:7601: $? = 0
configure:7615: gcc -E  conftest.c
conftest.c:11:28: fatal error: ac_nonexistent.h: No such file or directory
compilation terminated.
configure:7615: $? = 1
configure: failed program was:
| /* confdefs.h */
| #define PACKAGE_NAME "libfprint"
| #define PACKAGE_TARNAME "libfprint"
| #define PACKAGE_VERSION "0.7.0"
| #define PACKAGE_STRING "libfprint 0.7.0"
| #define PACKAGE_BUGREPORT ""
| #define PACKAGE_URL ""
| #define PACKAGE "libfprint"
| #define VERSION "0.7.0"
| /* end confdefs.h.  */
| #include <ac_nonexistent.h>
configure:7640: result: gcc -E
configure:7660: gcc -E  conftest.c
configure:7660: $? = 0
configure:7674: gcc -E  conftest.c
conftest.c:11:28: fatal error: ac_nonexistent.h: No such file or directory
compilation terminated.
configure:7674: $? = 1
configure: failed program was:
| /* confdefs.h */
| #define PACKAGE_NAME "libfprint"
| #define PACKAGE_TARNAME "libfprint"
| #define PACKAGE_VERSION "0.7.0"
| #define PACKAGE_STRING "libfprint 0.7.0"
| #define PACKAGE_BUGREPORT ""
| #define PACKAGE_URL ""
| #define PACKAGE "libfprint"
| #define VERSION "0.7.0"
| /* end confdefs.h.  */
| #include <ac_nonexistent.h>
configure:7703: checking for ANSI C header files
configure:7723: gcc -c -g -O2  conftest.c >&5
configure:7723: $? = 0
configure:7796: gcc -o conftest -g -O2   conftest.c  >&5
configure:7796: $? = 0
configure:7796: ./conftest
configure:7796: $? = 0
configure:7807: result: yes
configure:7820: checking for sys/types.h
configure:7820: gcc -c -g -O2  conftest.c >&5
configure:7820: $? = 0
configure:7820: result: yes
configure:7820: checking for sys/stat.h
configure:7820: gcc -c -g -O2  conftest.c >&5
configure:7820: $? = 0
configure:7820: result: yes
configure:7820: checking for stdlib.h
configure:7820: gcc -c -g -O2  conftest.c >&5
configure:7820: $? = 0
configure:7820: result: yes
configure:7820: checking for string.h
configure:7820: gcc -c -g -O2  conftest.c >&5
configure:7820: $? = 0
configure:7820: result: yes
configure:7820: checking for memory.h
configure:7820: gcc -c -g -O2  conftest.c >&5
configure:7820: $? = 0
configure:7820: result: yes
configure:7820: checking for strings.h
configure:7820: gcc -c -g -O2  conftest.c >&5
configure:7820: $? = 0
configure:7820: result: yes
configure:7820: checking for inttypes.h
configure:7820: gcc -c -g -O2  conftest.c >&5
configure:7820: $? = 0
configure:7820: result: yes
configure:7820: checking for stdint.h
configure:7820: gcc -c -g -O2  conftest.c >&5
configure:7820: $? = 0
configure:7820: result: yes
configure:7820: checking for unistd.h
configure:7820: gcc -c -g -O2  conftest.c >&5
configure:7820: $? = 0
configure:7820: result: yes
configure:7834: checking for dlfcn.h
configure:7834: gcc -c -g -O2  conftest.c >&5
configure:7834: $? = 0
configure:7834: result: yes
configure:8090: checking for objdir
configure:8105: result: .libs
configure:8369: checking if gcc supports -fno-rtti -fno-exceptions
configure:8387: gcc -c -g -O2  -fno-rtti -fno-exceptions conftest.c >&5
cc1: warning: command line option '-fno-rtti' is valid for C++/ObjC++ but not for C
configure:8391: $? = 0
configure:8404: result: no
configure:8762: checking for gcc option to produce PIC
configure:8769: result: -fPIC -DPIC
configure:8777: checking if gcc PIC flag -fPIC -DPIC works
configure:8795: gcc -c -g -O2  -fPIC -DPIC -DPIC conftest.c >&5
configure:8799: $? = 0
configure:8812: result: yes
configure:8841: checking if gcc static flag -static works
configure:8869: result: yes
configure:8884: checking if gcc supports -c -o file.o
configure:8905: gcc -c -g -O2  -o out/conftest2.o conftest.c >&5
configure:8909: $? = 0
configure:8931: result: yes
configure:8939: checking if gcc supports -c -o file.o
configure:8986: result: yes
configure:9019: checking whether the gcc linker (/usr/bin/ld -m elf_x86_64) supports shared libraries
configure:10278: result: yes
configure:10315: checking whether -lc should be explicitly linked in
configure:10323: gcc -c -g -O2  conftest.c >&5
configure:10326: $? = 0
configure:10341: gcc -shared  -fPIC -DPIC conftest.o  -v -Wl,-soname -Wl,conftest -o conftest 2\>\&1 \| /bin/grep  -lc  \>/dev/null 2\>\&1
configure:10344: $? = 0
configure:10358: result: no
configure:10518: checking dynamic linker characteristics
configure:11099: gcc -o conftest -g -O2   -Wl,-rpath -Wl,/foo conftest.c  >&5
configure:11099: $? = 0
configure:11336: result: GNU/Linux ld.so
configure:11458: checking how to hardcode library paths into programs
configure:11483: result: immediate
configure:12031: checking whether stripping libraries is possible
configure:12036: result: yes
configure:12071: checking if libtool supports shared libraries
configure:12073: result: yes
configure:12076: checking whether to build shared libraries
configure:12101: result: yes
configure:12104: checking whether to build static libraries
configure:12108: result: yes
configure:12145: checking for inline
configure:12161: gcc -c -g -O2  conftest.c >&5
configure:12161: $? = 0
configure:12169: result: inline
configure:12246: checking for g++
configure:12262: found /usr/bin/g++
configure:12273: result: g++
configure:12300: checking for C++ compiler version
configure:12309: g++ --version >&5
g++ (Ubuntu 5.4.0-6ubuntu1~16.04.10) 5.4.0 20160609
Copyright (C) 2015 Free Software Foundation, Inc.
This is free software; see the source for copying conditions.  There is NO
warranty; not even for MERCHANTABILITY or FITNESS FOR A PARTICULAR PURPOSE.

configure:12320: $? = 0
configure:12309: g++ -v >&5
Using built-in specs.
COLLECT_GCC=g++
COLLECT_LTO_WRAPPER=/usr/lib/gcc/x86_64-linux-gnu/5/lto-wrapper
Target: x86_64-linux-gnu
Configured with: ../src/configure -v --with-pkgversion='Ubuntu 5.4.0-6ubuntu1~16.04.10' --with-bugurl=file:///usr/share/doc/gcc-5/README.Bugs --enable-languages=c,ada,c++,java,go,d,fortran,objc,obj-c++ --prefix=/usr --program-suffix=-5 --enable-shared --enable-linker-build-id --libexecdir=/usr/lib --without-included-gettext --enable-threads=posix --libdir=/usr/lib --enable-nls --with-sysroot=/ --enable-clocale=gnu --enable-libstdcxx-debug --enable-libstdcxx-time=yes --with-default-libstdcxx-abi=new --enable-gnu-unique-object --disable-vtable-verify --enable-libmpx --enable-plugin --with-system-zlib --disable-browser-plugin --enable-java-awt=gtk --enable-gtk-cairo --with-java-home=/usr/lib/jvm/java-1.5.0-gcj-5-amd64/jre --enable-java-home --with-jvm-root-dir=/usr/lib/jvm/java-1.5.0-gcj-5-amd64 --with-jvm-jar-dir=/usr/lib/jvm-exports/java-1.5.0-gcj-5-amd64 --with-arch-directory=amd64 --with-ecj-jar=/usr/share/java/eclipse-ecj.jar --enable-objc-gc --enable-multiarch --disable-werror --with-arch-32=i686 --with-abi=m64 --with-multilib-list=m32,m64,mx32 --enable-multilib --with-tune=generic --enable-checking=release --build=x86_64-linux-gnu --host=x86_64-linux-gnu --target=x86_64-linux-gnu
Thread model: posix
gcc version 5.4.0 20160609 (Ubuntu 5.4.0-6ubuntu1~16.04.10) 
configure:12320: $? = 0
configure:12309: g++ -V >&5
g++: error: unrecognized command line option '-V'
g++: fatal error: no input files
compilation terminated.
configure:12320: $? = 1
configure:12309: g++ -qversion >&5
g++: error: unrecognized command line option '-qversion'
g++: fatal error: no input files
compilation terminated.
configure:12320: $? = 1
configure:12324: checking whether we are using the GNU C++ compiler
configure:12343: g++ -c   conftest.cpp >&5
configure:12343: $? = 0
configure:12352: result: yes
configure:12361: checking whether g++ accepts -g
configure:12381: g++ -c -g  conftest.cpp >&5
configure:12381: $? = 0
configure:12422: result: yes
configure:12447: checking dependency style of g++
configure:12558: result: gcc3
configure:12591: checking how to run the C++ preprocessor
configure:12618: g++ -E  conftest.cpp
configure:12618: $? = 0
configure:12632: g++ -E  conftest.cpp
conftest.cpp:23:28: fatal error: ac_nonexistent.h: No such file or directory
compilation terminated.
configure:12632: $? = 1
configure: failed program was:
| /* confdefs.h */
| #define PACKAGE_NAME "libfprint"
| #define PACKAGE_TARNAME "libfprint"
| #define PACKAGE_VERSION "0.7.0"
| #define PACKAGE_STRING "libfprint 0.7.0"
| #define PACKAGE_BUGREPORT ""
| #define PACKAGE_URL ""
| #define PACKAGE "libfprint"
| #define VERSION "0.7.0"
| #define STDC_HEADERS 1
| #define HAVE_SYS_TYPES_H 1
| #define HAVE_SYS_STAT_H 1
| #define HAVE_STDLIB_H 1
| #define HAVE_STRING_H 1
| #define HAVE_MEMORY_H 1
| #define HAVE_STRINGS_H 1
| #define HAVE_INTTYPES_H 1
| #define HAVE_STDINT_H 1
| #define HAVE_UNISTD_H 1
| #define HAVE_DLFCN_H 1
| #define LT_OBJDIR ".libs/"
| /* end confdefs.h.  */
| #include <ac_nonexistent.h>
configure:12657: result: g++ -E
configure:12677: g++ -E  conftest.cpp
configure:12677: $? = 0
configure:12691: g++ -E  conftest.cpp
conftest.cpp:23:28: fatal error: ac_nonexistent.h: No such file or directory
compilation terminated.
configure:12691: $? = 1
configure: failed program was:
| /* confdefs.h */
| #define PACKAGE_NAME "libfprint"
| #define PACKAGE_TARNAME "libfprint"
| #define PACKAGE_VERSION "0.7.0"
| #define PACKAGE_STRING "libfprint 0.7.0"
| #define PACKAGE_BUGREPORT ""
| #define PACKAGE_URL ""
| #define PACKAGE "libfprint"
| #define VERSION "0.7.0"
| #define STDC_HEADERS 1
| #define HAVE_SYS_TYPES_H 1
| #define HAVE_SYS_STAT_H 1
| #define HAVE_STDLIB_H 1
| #define HAVE_STRING_H 1
| #define HAVE_MEMORY_H 1
| #define HAVE_STRINGS_H 1
| #define HAVE_INTTYPES_H 1
| #define HAVE_STDINT_H 1
| #define HAVE_UNISTD_H 1
| #define HAVE_DLFCN_H 1
| #define LT_OBJDIR ".libs/"
| /* end confdefs.h.  */
| #include <ac_nonexistent.h>
configure:12853: checking for ld used by g++
configure:12920: result: /usr/bin/ld -m elf_x86_64
configure:12927: checking if the linker (/usr/bin/ld -m elf_x86_64) is GNU ld
configure:12942: result: yes
configure:12997: checking whether the g++ linker (/usr/bin/ld -m elf_x86_64) supports shared libraries
configure:14070: result: yes
configure:14106: g++ -c -g -O2  conftest.cpp >&5
configure:14109: $? = 0
configure:14590: checking for g++ option to produce PIC
configure:14597: result: -fPIC -DPIC
configure:14605: checking if g++ PIC flag -fPIC -DPIC works
configure:14623: g++ -c -g -O2  -fPIC -DPIC -DPIC conftest.cpp >&5
configure:14627: $? = 0
configure:14640: result: yes
configure:14663: checking if g++ static flag -static works
configure:14691: result: yes
configure:14703: checking if g++ supports -c -o file.o
configure:14724: g++ -c -g -O2  -o out/conftest2.o conftest.cpp >&5
configure:14728: $? = 0
configure:14750: result: yes
configure:14755: checking if g++ supports -c -o file.o
configure:14802: result: yes
configure:14832: checking whether the g++ linker (/usr/bin/ld -m elf_x86_64) supports shared libraries
configure:14872: result: yes
configure:15013: checking dynamic linker characteristics
configure:15758: result: GNU/Linux ld.so
configure:15823: checking how to hardcode library paths into programs
configure:15848: result: immediate
configure:16319: checking for pkg-config
configure:16337: found /usr/bin/pkg-config
configure:16349: result: /usr/bin/pkg-config
configure:16374: checking pkg-config is at least version 0.9.0
configure:16377: result: yes
configure:16387: checking for LIBUSB
configure:16394: $PKG_CONFIG --exists --print-errors "libusb-1.0 >= 0.9.1"
configure:16397: $? = 0
configure:16411: $PKG_CONFIG --exists --print-errors "libusb-1.0 >= 0.9.1"
configure:16414: $? = 0
configure:16472: result: yes
configure:16482: checking for CRYPTO
configure:16489: $PKG_CONFIG --exists --print-errors "nss"
configure:16492: $? = 0
configure:16506: $PKG_CONFIG --exists --print-errors "nss"
configure:16509: $? = 0
configure:16567: result: yes
configure:16576: checking for GLIB
configure:16583: $PKG_CONFIG --exists --print-errors "glib-2.0 >= 2.28"
configure:16586: $? = 0
configure:16600: $PKG_CONFIG --exists --print-errors "glib-2.0 >= 2.28"
configure:16603: $? = 0
configure:16661: result: yes
configure:16705: installing udev rules in /lib/udev/rules.d
configure:16713: checking for IMAGING
configure:16720: $PKG_CONFIG --exists --print-errors "pixman-1"
configure:16723: $? = 0
configure:16737: $PKG_CONFIG --exists --print-errors "pixman-1"
configure:16740: $? = 0
configure:16778: result: yes
configure:16911: gcc -c -g -O2 -fgnu89-inline  conftest.c >&5
configure:16911: $? = 0
configure:16927: ** Using pixman for imaging
configure:16936: ** upekts driver enabled
configure:16946:    upeke2 driver disabled (handled by upektc_img driver)
configure:16950: ** upektc driver enabled
configure:16957: ** upeksonly driver enabled
configure:16964: ** vcom5s driver enabled
configure:16971: ** uru4000 driver enabled
configure:16981:    fdu2000 driver disabled (not ported)
configure:16985: ** aes1610 driver enabled
configure:16992: ** aes1660 driver enabled
configure:16999: ** aes2501 driver enabled
configure:17006: ** aes2550/aes2810 driver enabled
configure:17013: ** aes2660 driver enabled
configure:17020: ** aes3500 driver enabled
configure:17027: ** aes4000 driver enabled
configure:17034: ** vfs101 driver enabled
configure:17041: ** vfs301 driver enabled
configure:17048: ** vfs5011 driver enabled
configure:17055: ** upektc_img driver enabled
configure:17062: ** etes603 driver enabled
configure:17069: ** vfs0050 driver enabled
configure:17076: ** aeslib helper functions enabled
configure:17083: ** aesX660 common routines enabled
configure:17090: ** aes3k common routines enabled
configure:17208: checking that generated files are newer than configure
configure:17214: result: done
configure:17349: creating ./config.status

## ---------------------- ##
## Running config.status. ##
## ---------------------- ##

This file was extended by libfprint config.status 0.7.0, which was
generated by GNU Autoconf 2.69.  Invocation command line was

  CONFIG_FILES    = 
  CONFIG_HEADERS  = 
  CONFIG_LINKS    = 
  CONFIG_COMMANDS = 
  $ ./config.status 

on leticia-LOG-H81H3-M4

config.status:1245: creating libfprint.pc
config.status:1245: creating Makefile
config.status:1245: creating libfprint/Makefile
config.status:1245: creating examples/Makefile
config.status:1245: creating doc/Makefile
config.status:1245: creating config.h
config.status:1426: config.h is unchanged
config.status:1474: executing depfiles commands
config.status:1474: executing libtool commands

## ---------------- ##
## Cache variables. ##
## ---------------- ##

ac_cv_build=x86_64-unknown-linux-gnu
ac_cv_c_compiler_gnu=yes
ac_cv_c_inline=inline
ac_cv_cxx_compiler_gnu=yes
ac_cv_env_CCC_set=
ac_cv_env_CCC_value=
ac_cv_env_CC_set=
ac_cv_env_CC_value=
ac_cv_env_CFLAGS_set=
ac_cv_env_CFLAGS_value=
ac_cv_env_CPPFLAGS_set=
ac_cv_env_CPPFLAGS_value=
ac_cv_env_CPP_set=
ac_cv_env_CPP_value=
ac_cv_env_CRYPTO_CFLAGS_set=
ac_cv_env_CRYPTO_CFLAGS_value=
ac_cv_env_CRYPTO_LIBS_set=
ac_cv_env_CRYPTO_LIBS_value=
ac_cv_env_CXXCPP_set=
ac_cv_env_CXXCPP_value=
ac_cv_env_CXXFLAGS_set=
ac_cv_env_CXXFLAGS_value=
ac_cv_env_CXX_set=
ac_cv_env_CXX_value=
ac_cv_env_GLIB_CFLAGS_set=
ac_cv_env_GLIB_CFLAGS_value=
ac_cv_env_GLIB_LIBS_set=
ac_cv_env_GLIB_LIBS_value=
ac_cv_env_IMAGING_CFLAGS_set=
ac_cv_env_IMAGING_CFLAGS_value=
ac_cv_env_IMAGING_LIBS_set=
ac_cv_env_IMAGING_LIBS_value=
ac_cv_env_LDFLAGS_set=
ac_cv_env_LDFLAGS_value=
ac_cv_env_LIBS_set=
ac_cv_env_LIBS_value=
ac_cv_env_LIBUSB_CFLAGS_set=
ac_cv_env_LIBUSB_CFLAGS_value=
ac_cv_env_LIBUSB_LIBS_set=
ac_cv_env_LIBUSB_LIBS_value=
ac_cv_env_LT_SYS_LIBRARY_PATH_set=
ac_cv_env_LT_SYS_LIBRARY_PATH_value=
ac_cv_env_PKG_CONFIG_LIBDIR_set=
ac_cv_env_PKG_CONFIG_LIBDIR_value=
ac_cv_env_PKG_CONFIG_PATH_set=
ac_cv_env_PKG_CONFIG_PATH_value=
ac_cv_env_PKG_CONFIG_set=
ac_cv_env_PKG_CONFIG_value=
ac_cv_env_build_alias_set=
ac_cv_env_build_alias_value=
ac_cv_env_host_alias_set=
ac_cv_env_host_alias_value=
ac_cv_env_target_alias_set=
ac_cv_env_target_alias_value=
ac_cv_header_dlfcn_h=yes
ac_cv_header_inttypes_h=yes
ac_cv_header_memory_h=yes
ac_cv_header_stdc=yes
ac_cv_header_stdint_h=yes
ac_cv_header_stdlib_h=yes
ac_cv_header_string_h=yes
ac_cv_header_strings_h=yes
ac_cv_header_sys_stat_h=yes
ac_cv_header_sys_types_h=yes
ac_cv_header_unistd_h=yes
ac_cv_host=x86_64-unknown-linux-gnu
ac_cv_objext=o
ac_cv_path_EGREP='/bin/grep -E'
ac_cv_path_FGREP='/bin/grep -F'
ac_cv_path_GREP=/bin/grep
ac_cv_path_SED=/bin/sed
ac_cv_path_ac_pt_PKG_CONFIG=/usr/bin/pkg-config
ac_cv_path_install='/usr/bin/install -c'
ac_cv_path_lt_DD=/bin/dd
ac_cv_path_mkdir=/bin/mkdir
ac_cv_prog_AWK=gawk
ac_cv_prog_CPP='gcc -E'
ac_cv_prog_CXXCPP='g++ -E'
ac_cv_prog_ac_ct_AR=ar
ac_cv_prog_ac_ct_CC=gcc
ac_cv_prog_ac_ct_CXX=g++
ac_cv_prog_ac_ct_MANIFEST_TOOL=mt
ac_cv_prog_ac_ct_OBJDUMP=objdump
ac_cv_prog_ac_ct_RANLIB=ranlib
ac_cv_prog_ac_ct_STRIP=strip
ac_cv_prog_cc_c89=
ac_cv_prog_cc_g=yes
ac_cv_prog_cxx_g=yes
ac_cv_prog_make_make_set=yes
am_cv_CC_dependencies_compiler_type=gcc3
am_cv_CXX_dependencies_compiler_type=gcc3
am_cv_make_support_nested_variables=yes
am_cv_prog_cc_c_o=yes
lt_cv_ar_at_file=@
lt_cv_archive_cmds_need_lc=no
lt_cv_deplibs_check_method=pass_all
lt_cv_file_magic_cmd='$MAGIC_CMD'
lt_cv_file_magic_test_file=
lt_cv_ld_reload_flag=-r
lt_cv_nm_interface='BSD nm'
lt_cv_objdir=.libs
lt_cv_path_LD=/usr/bin/ld
lt_cv_path_LDCXX='/usr/bin/ld -m elf_x86_64'
lt_cv_path_NM='/usr/bin/nm -B'
lt_cv_path_mainfest_tool=no
lt_cv_prog_compiler_c_o=yes
lt_cv_prog_compiler_c_o_CXX=yes
lt_cv_prog_compiler_pic='-fPIC -DPIC'
lt_cv_prog_compiler_pic_CXX='-fPIC -DPIC'
lt_cv_prog_compiler_pic_works=yes
lt_cv_prog_compiler_pic_works_CXX=yes
lt_cv_prog_compiler_rtti_exceptions=no
lt_cv_prog_compiler_static_works=yes
lt_cv_prog_compiler_static_works_CXX=yes
lt_cv_prog_gnu_ld=yes
lt_cv_prog_gnu_ldcxx=yes
lt_cv_sharedlib_from_linklib_cmd='printf %s\n'
lt_cv_shlibpath_overrides_runpath=no
lt_cv_sys_global_symbol_pipe='sed -n -e '\''s/^.*[	 ]\([ABCDGIRSTW][ABCDGIRSTW]*\)[	 ][	 ]*\([_A-Za-z][_A-Za-z0-9]*\)$/\1 \2 \2/p'\'' | sed '\''/ __gnu_lto/d'\'''
lt_cv_sys_global_symbol_to_c_name_address='sed -n -e '\''s/^: \(.*\) .*$/  {"\1", (void *) 0},/p'\'' -e '\''s/^[ABCDGIRSTW][ABCDGIRSTW]* .* \(.*\)$/  {"\1", (void *) \&\1},/p'\'''
lt_cv_sys_global_symbol_to_c_name_address_lib_prefix='sed -n -e '\''s/^: \(.*\) .*$/  {"\1", (void *) 0},/p'\'' -e '\''s/^[ABCDGIRSTW][ABCDGIRSTW]* .* \(lib.*\)$/  {"\1", (void *) \&\1},/p'\'' -e '\''s/^[ABCDGIRSTW][ABCDGIRSTW]* .* \(.*\)$/  {"lib\1", (void *) \&\1},/p'\'''
lt_cv_sys_global_symbol_to_cdecl='sed -n -e '\''s/^T .* \(.*\)$/extern int \1();/p'\'' -e '\''s/^[ABCDGIRSTW][ABCDGIRSTW]* .* \(.*\)$/extern char \1;/p'\'''
lt_cv_sys_global_symbol_to_import=
lt_cv_sys_max_cmd_len=1572864
lt_cv_to_host_file_cmd=func_convert_file_noop
lt_cv_to_tool_file_cmd=func_convert_file_noop
lt_cv_truncate_bin='/bin/dd bs=4096 count=1'
pkg_cv_CRYPTO_CFLAGS='-I/usr/include/nss -I/usr/include/nspr'
pkg_cv_CRYPTO_LIBS='-lnss3 -lnssutil3 -lsmime3 -lssl3 -lplds4 -lplc4 -lnspr4'
pkg_cv_GLIB_CFLAGS='-I/usr/include/glib-2.0 -I/usr/lib/x86_64-linux-gnu/glib-2.0/include'
pkg_cv_GLIB_LIBS=-lglib-2.0
pkg_cv_IMAGING_CFLAGS=-I/usr/include/pixman-1
pkg_cv_IMAGING_LIBS=-lpixman-1
pkg_cv_LIBUSB_CFLAGS=-I/usr/include/libusb-1.0
pkg_cv_LIBUSB_LIBS=-lusb-1.0

## ----------------- ##
## Output variables. ##
## ----------------- ##

ACLOCAL='${SHELL} /home/leticia/repos/fprint-infarma/libfprint-0.7.0/missing aclocal-1.15'
AMDEPBACKSLASH='\'
AMDEP_FALSE='#'
AMDEP_TRUE=''
AMTAR='$${TAR-tar}'
AM_BACKSLASH='\'
AM_CFLAGS='-std=gnu99 -fgnu89-inline -Wall -Wundef -Wunused -Wstrict-prototypes -Werror-implicit-function-declaration -Wno-pointer-sign -Wshadow'
AM_DEFAULT_V='$(AM_DEFAULT_VERBOSITY)'
AM_DEFAULT_VERBOSITY='0'
AM_V='$(V)'
AR='ar'
AUTOCONF='${SHELL} /home/leticia/repos/fprint-infarma/libfprint-0.7.0/missing autoconf'
AUTOHEADER='${SHELL} /home/leticia/repos/fprint-infarma/libfprint-0.7.0/missing autoheader'
AUTOMAKE='${SHELL} /home/leticia/repos/fprint-infarma/libfprint-0.7.0/missing automake-1.15'
AWK='gawk'
BUILD_EXAMPLES_FALSE=''
BUILD_EXAMPLES_TRUE='#'
BUILD_X11_EXAMPLES_FALSE=''
BUILD_X11_EXAMPLES_TRUE='#'
CC='gcc'
CCDEPMODE='depmode=gcc3'
CFLAGS='-g -O2'
CPP='gcc -E'
CPPFLAGS=''
CRYPTO_CFLAGS='-I/usr/include/nss -I/usr/include/nspr'
CRYPTO_LIBS='-lnss3 -lnssutil3 -lsmime3 -lssl3 -lplds4 -lplc4 -lnspr4'
CXX='g++'
CXXCPP='g++ -E'
CXXDEPMODE='depmode=gcc3'
CXXFLAGS='-g -O2'
CYGPATH_W='echo'
DEFS='-DHAVE_CONFIG_H'
DEPDIR='.deps'
DLLTOOL='false'
DSYMUTIL=''
DUMPBIN=''
ECHO_C=''
ECHO_N='-n'
ECHO_T=''
EGREP='/bin/grep -E'
ENABLE_AES1610_FALSE='#'
ENABLE_AES1610_TRUE=''
ENABLE_AES1660_FALSE='#'
ENABLE_AES1660_TRUE=''
ENABLE_AES2501_FALSE='#'
ENABLE_AES2501_TRUE=''
ENABLE_AES2550_FALSE='#'
ENABLE_AES2550_TRUE=''
ENABLE_AES2660_FALSE='#'
ENABLE_AES2660_TRUE=''
ENABLE_AES3500_FALSE='#'
ENABLE_AES3500_TRUE=''
ENABLE_AES4000_FALSE='#'
ENABLE_AES4000_TRUE=''
ENABLE_ETES603_FALSE='#'
ENABLE_ETES603_TRUE=''
ENABLE_FDU2000_FALSE=''
ENABLE_FDU2000_TRUE='#'
ENABLE_UDEV_RULES_FALSE='#'
ENABLE_UDEV_RULES_TRUE=''
ENABLE_UPEKE2_FALSE=''
ENABLE_UPEKE2_TRUE='#'
ENABLE_UPEKSONLY_FALSE='#'
ENABLE_UPEKSONLY_TRUE=''
ENABLE_UPEKTC_FALSE='#'
ENABLE_UPEKTC_IMG_FALSE='#'
ENABLE_UPEKTC_IMG_TRUE=''
ENABLE_UPEKTC_TRUE=''
ENABLE_UPEKTS_FALSE='#'
ENABLE_UPEKTS_TRUE=''
ENABLE_URU4000_FALSE='#'
ENABLE_URU4000_TRUE=''
ENABLE_VCOM5S_FALSE='#'
ENABLE_VCOM5S_TRUE=''
ENABLE_VFS0050_FALSE='#'
ENABLE_VFS0050_TRUE=''
ENABLE_VFS101_FALSE='#'
ENABLE_VFS101_TRUE=''
ENABLE_VFS301_FALSE='#'
ENABLE_VFS301_TRUE=''
ENABLE_VFS5011_FALSE='#'
ENABLE_VFS5011_TRUE=''
EXEEXT=''
FGREP='/bin/grep -F'
GLIB_CFLAGS='-I/usr/include/glib-2.0 -I/usr/lib/x86_64-linux-gnu/glib-2.0/include'
GLIB_LIBS='-lglib-2.0'
GREP='/bin/grep'
IMAGING_CFLAGS='-I/usr/include/pixman-1'
IMAGING_LIBS='-lpixman-1'
INSTALL_DATA='${INSTALL} -m 644'
INSTALL_PROGRAM='${INSTALL}'
INSTALL_SCRIPT='${INSTALL}'
INSTALL_STRIP_PROGRAM='$(install_sh) -c -s'
LD='/usr/bin/ld -m elf_x86_64'
LDFLAGS=''
LIBOBJS=''
LIBS=''
LIBTOOL='$(SHELL) $(top_builddir)/libtool'
LIBUSB_CFLAGS='-I/usr/include/libusb-1.0'
LIBUSB_LIBS='-lusb-1.0'
LIPO=''
LN_S='ln -s'
LTLIBOBJS=''
LT_SYS_LIBRARY_PATH=''
MAKEINFO='${SHELL} /home/leticia/repos/fprint-infarma/libfprint-0.7.0/missing makeinfo'
MANIFEST_TOOL=':'
MKDIR_P='/bin/mkdir -p'
NM='/usr/bin/nm -B'
NMEDIT=''
OBJDUMP='objdump'
OBJEXT='o'
OTOOL64=''
OTOOL=''
PACKAGE='libfprint'
PACKAGE_BUGREPORT=''
PACKAGE_NAME='libfprint'
PACKAGE_STRING='libfprint 0.7.0'
PACKAGE_TARNAME='libfprint'
PACKAGE_URL=''
PACKAGE_VERSION='0.7.0'
PATH_SEPARATOR=':'
PKG_CONFIG='/usr/bin/pkg-config'
PKG_CONFIG_LIBDIR=''
PKG_CONFIG_PATH=''
RANLIB='ranlib'
REQUIRE_AES3K_FALSE='#'
REQUIRE_AES3K_TRUE=''
REQUIRE_AESLIB_FALSE='#'
REQUIRE_AESLIB_TRUE=''
REQUIRE_AESX660_FALSE='#'
REQUIRE_AESX660_TRUE=''
REQUIRE_PIXMAN_FALSE='#'
REQUIRE_PIXMAN_TRUE=''
SED='/bin/sed'
SET_MAKE=''
SHELL='/bin/bash'
STRIP='strip'
VERSION='0.7.0'
XV_CFLAGS=''
XV_LIBS=''
ac_ct_AR='ar'
ac_ct_CC='gcc'
ac_ct_CXX='g++'
ac_ct_DUMPBIN=''
am__EXEEXT_FALSE=''
am__EXEEXT_TRUE='#'
am__fastdepCC_FALSE='#'
am__fastdepCC_TRUE=''
am__fastdepCXX_FALSE='#'
am__fastdepCXX_TRUE=''
am__include='include'
am__isrc=''
am__leading_dot='.'
am__nodep='_no'
am__quote=''
am__tar='$${TAR-tar} chof - "$$tardir"'
am__untar='$${TAR-tar} xf -'
bindir='${exec_prefix}/bin'
build='x86_64-unknown-linux-gnu'
build_alias=''
build_cpu='x86_64'
build_os='linux-gnu'
build_vendor='unknown'
datadir='${datarootdir}'
datarootdir='${prefix}/share'
docdir='${datarootdir}/doc/${PACKAGE_TARNAME}'
dvidir='${docdir}'
exec_prefix='${prefix}'
host='x86_64-unknown-linux-gnu'
host_alias=''
host_cpu='x86_64'
host_os='linux-gnu'
host_vendor='unknown'
htmldir='${docdir}'
includedir='${prefix}/include'
infodir='${datarootdir}/info'
install_sh='${SHELL} /home/leticia/repos/fprint-infarma/libfprint-0.7.0/install-sh'
libdir='${exec_prefix}/lib'
libexecdir='${exec_prefix}/libexec'
localedir='${datarootdir}/locale'
localstatedir='${prefix}/var'
lt_age='0'
lt_major='0'
lt_revision='0'
mandir='${datarootdir}/man'
mkdir_p='$(MKDIR_P)'
oldincludedir='/usr/include'
pdfdir='${docdir}'
prefix='/usr/local'
program_transform_name='s,x,x,'
psdir='${docdir}'
runstatedir='${localstatedir}/run'
sbindir='${exec_prefix}/sbin'
sharedstatedir='${prefix}/com'
sysconfdir='${prefix}/etc'
target_alias=''
udev_rulesdir='/lib/udev/rules.d'

## ----------- ##
## confdefs.h. ##
## ----------- ##

/* confdefs.h */
#define PACKAGE_NAME "libfprint"
#define PACKAGE_TARNAME "libfprint"
#define PACKAGE_VERSION "0.7.0"
#define PACKAGE_STRING "libfprint 0.7.0"
#define PACKAGE_BUGREPORT ""
#define PACKAGE_URL ""
#define PACKAGE "libfprint"
#define VERSION "0.7.0"
#define STDC_HEADERS 1
#define HAVE_SYS_TYPES_H 1
#define HAVE_SYS_STAT_H 1
#define HAVE_STDLIB_H 1
#define HAVE_STRING_H 1
#define HAVE_MEMORY_H 1
#define HAVE_STRINGS_H 1
#define HAVE_INTTYPES_H 1
#define HAVE_STDINT_H 1
#define HAVE_UNISTD_H 1
#define HAVE_DLFCN_H 1
#define LT_OBJDIR ".libs/"
#define _GNU_SOURCE /**/
#define ENABLE_UPEKTS /**/
#define ENABLE_UPEKTC /**/
#define ENABLE_UPEKSONLY /**/
#define ENABLE_VCOM5S /**/
#define ENABLE_URU4000 /**/
#define ENABLE_FDU2000 /**/
#define ENABLE_AES1610 /**/
#define ENABLE_AES1660 /**/
#define ENABLE_AES2501 /**/
#define ENABLE_AES2550 /**/
#define ENABLE_AES2660 /**/
#define ENABLE_AES3500 /**/
#define ENABLE_AES4000 /**/
#define ENABLE_VFS101 /**/
#define ENABLE_VFS301 /**/
#define ENABLE_VFS5011 /**/
#define ENABLE_UPEKTC_IMG /**/
#define ENABLE_ETES603 /**/
#define ENABLE_VFS0050 /**/
#define ENABLE_LOGGING 1
#define API_EXPORTED __attribute__((visibility("default")))

configure: exit 0
